<?xml version="1.0" encoding="UTF-8"?>
<!-- Generated by org.testng.reporters.JUnitReportReporter -->
<testsuite skipped="0" hostname="DESKTOP-HF0T45B" name="thirtybees.pages.FooterPage" tests="1" failures="0" timestamp="21 Aug 2021 17:25:07 GMT" time="0.856" errors="0">
  <testcase name="footerPageHeader" time="0.856" classname="thirtybees.pages.FooterPage"/>
</testsuite> <!-- thirtybees.pages.FooterPage -->
