<?xml version="1.0" encoding="UTF-8"?>
<!-- Generated by org.testng.reporters.JUnitReportReporter -->
<testsuite skipped="0" hostname="DESKTOP-HF0T45B" name="com.thirtyBeensFrameWork.Demo" tests="1" failures="0" timestamp="21 Aug 2021 12:28:42 GMT" time="1.254" errors="0">
  <testcase name="readCourses" time="1.254" classname="com.thirtyBeensFrameWork.Demo"/>
</testsuite> <!-- com.thirtyBeensFrameWork.Demo -->
