<?xml version="1.0" encoding="UTF-8"?>
<!-- Generated by org.testng.reporters.JUnitReportReporter -->
<testsuite skipped="0" hostname="DESKTOP-HF0T45B" name="thirtybees.Test.footerTest" tests="1" failures="0" timestamp="26 Aug 2021 12:37:25 GMT" time="7.120" errors="0">
  <testcase name="checkNewRegistration_newsletter" time="7.120" classname="thirtybees.Test.footerTest"/>
</testsuite> <!-- thirtybees.Test.footerTest -->
