<?xml version="1.0" encoding="UTF-8"?>
<!-- Generated by org.testng.reporters.JUnitReportReporter -->
<testsuite skipped="17" hostname="DESKTOP-HF0T45B" name="thirtybees.Test.ExtendReportWithScreenshot" tests="19" failures="0" timestamp="24 Aug 2021 16:57:32 GMT" time="0.041" errors="1">
  <testcase name="getResult" time="0.005" classname="thirtybees.Test.ExtendReportWithScreenshot">
    <error type="java.lang.NullPointerException">
      <![CDATA[java.lang.NullPointerException
at thirtybees.Test.ExtendReportWithScreenshot.getResult(ExtendReportWithScreenshot.java:159)
at sun.reflect.NativeMethodAccessorImpl.invoke0(Native Method)
at sun.reflect.NativeMethodAccessorImpl.invoke(NativeMethodAccessorImpl.java:62)
at sun.reflect.DelegatingMethodAccessorImpl.invoke(DelegatingMethodAccessorImpl.java:43)
at java.lang.reflect.Method.invoke(Method.java:498)
at org.testng.internal.MethodInvocationHelper.invokeMethod(MethodInvocationHelper.java:124)
at org.testng.internal.MethodInvocationHelper.invokeMethodConsideringTimeout(MethodInvocationHelper.java:59)
at org.testng.internal.Invoker.invokeConfigurationMethod(Invoker.java:458)
at org.testng.internal.Invoker.invokeConfigurations(Invoker.java:222)
at org.testng.internal.Invoker.invokeMethod(Invoker.java:646)
at org.testng.internal.Invoker.invokeTestMethod(Invoker.java:719)
at org.testng.internal.Invoker.invokeTestMethods(Invoker.java:989)
at org.testng.internal.TestMethodWorker.invokeTestMethods(TestMethodWorker.java:125)
at org.testng.internal.TestMethodWorker.run(TestMethodWorker.java:109)
at org.testng.TestRunner.privateRun(TestRunner.java:648)
at org.testng.TestRunner.run(TestRunner.java:505)
at org.testng.SuiteRunner.runTest(SuiteRunner.java:455)
at org.testng.SuiteRunner.runSequentially(SuiteRunner.java:450)
at org.testng.SuiteRunner.privateRun(SuiteRunner.java:415)
at org.testng.SuiteRunner.run(SuiteRunner.java:364)
at org.testng.SuiteRunnerWorker.runSuite(SuiteRunnerWorker.java:52)
at org.testng.SuiteRunnerWorker.run(SuiteRunnerWorker.java:84)
at org.testng.TestNG.runSuitesSequentially(TestNG.java:1208)
at org.testng.TestNG.runSuitesLocally(TestNG.java:1137)
at org.testng.TestNG.runSuites(TestNG.java:1049)
at org.testng.TestNG.run(TestNG.java:1017)
at org.testng.remote.AbstractRemoteTestNG.run(AbstractRemoteTestNG.java:132)
at org.testng.remote.RemoteTestNG.initAndRun(RemoteTestNG.java:236)
at org.testng.remote.RemoteTestNG.main(RemoteTestNG.java:81)
]]>
    </error>
  </testcase> <!-- getResult -->
  <testcase name="verifyFooterPageHeader" time="0.029" classname="thirtybees.Test.ExtendReportWithScreenshot"/>
  <testcase name="verifySequanceOfinformationCols" time="0.000" classname="thirtybees.Test.ExtendReportWithScreenshot">
    <skipped/>
  </testcase> <!-- verifySequanceOfinformationCols -->
  <testcase name="verifySequanceOfMyAccountCols" time="0.000" classname="thirtybees.Test.ExtendReportWithScreenshot">
    <skipped/>
  </testcase> <!-- verifySequanceOfMyAccountCols -->
  <testcase name="verifySequanceStoreInformationCols" time="0.007" classname="thirtybees.Test.ExtendReportWithScreenshot">
    <skipped/>
  </testcase> <!-- verifySequanceStoreInformationCols -->
  <testcase name="verifyMouseHoverFunctionalityOn_InfoCols" time="0.000" classname="thirtybees.Test.ExtendReportWithScreenshot">
    <skipped/>
  </testcase> <!-- verifyMouseHoverFunctionalityOn_InfoCols -->
  <testcase name="verifyMouseHoverFunctionalityOn_MyAccountCols" time="0.000" classname="thirtybees.Test.ExtendReportWithScreenshot">
    <skipped/>
  </testcase> <!-- verifyMouseHoverFunctionalityOn_MyAccountCols -->
  <testcase name="verifyMouseHoverFunctionalityOn_StoreInfoCols" time="0.000" classname="thirtybees.Test.ExtendReportWithScreenshot">
    <skipped/>
  </testcase> <!-- verifyMouseHoverFunctionalityOn_StoreInfoCols -->
  <testcase name="checkClickOnElement_Special" time="0.000" classname="thirtybees.Test.ExtendReportWithScreenshot">
    <skipped/>
  </testcase> <!-- checkClickOnElement_Special -->
  <testcase name="verifyClickOnElement_newProducts" time="0.000" classname="thirtybees.Test.ExtendReportWithScreenshot">
    <skipped/>
  </testcase> <!-- verifyClickOnElement_newProducts -->
  <testcase name="verifyClickOnElement_topSellers" time="0.000" classname="thirtybees.Test.ExtendReportWithScreenshot">
    <skipped/>
  </testcase> <!-- verifyClickOnElement_topSellers -->
  <testcase name="verifyClickOnElement_ourStore" time="0.000" classname="thirtybees.Test.ExtendReportWithScreenshot">
    <skipped/>
  </testcase> <!-- verifyClickOnElement_ourStore -->
  <testcase name="verifyClickOnElement_Sitemap" time="0.000" classname="thirtybees.Test.ExtendReportWithScreenshot">
    <skipped/>
  </testcase> <!-- verifyClickOnElement_Sitemap -->
  <testcase name="verifyClickOnElement_myAccount" time="0.000" classname="thirtybees.Test.ExtendReportWithScreenshot">
    <skipped/>
  </testcase> <!-- verifyClickOnElement_myAccount -->
  <testcase name="verifyClickOnElement_myCreditSleep" time="0.000" classname="thirtybees.Test.ExtendReportWithScreenshot">
    <skipped/>
  </testcase> <!-- verifyClickOnElement_myCreditSleep -->
  <testcase name="verifyClickOnElement_signOut" time="0.000" classname="thirtybees.Test.ExtendReportWithScreenshot">
    <skipped/>
  </testcase> <!-- verifyClickOnElement_signOut -->
  <testcase name="verifyClickOnElement_myAddress" time="0.000" classname="thirtybees.Test.ExtendReportWithScreenshot">
    <skipped/>
  </testcase> <!-- verifyClickOnElement_myAddress -->
  <testcase name="verifyFacebook_loginToFB" time="0.000" classname="thirtybees.Test.ExtendReportWithScreenshot">
    <skipped/>
  </testcase> <!-- verifyFacebook_loginToFB -->
  <testcase name="verifyTwitterElement" time="0.000" classname="thirtybees.Test.ExtendReportWithScreenshot">
    <skipped/>
  </testcase> <!-- verifyTwitterElement -->
</testsuite> <!-- thirtybees.Test.ExtendReportWithScreenshot -->
